# JRE version: OpenJDK Runtime Environment (8.0_242-b01) (build 1.8.0_242-release-1644-b01)
# Java VM: OpenJDK 64-Bit Server VM (25.242-b01 mixed mode windows-amd64 compressed oops)
Heap:
 PSYoungGen      total 36352K, used 22197K [0x00000000d5580000, 0x00000000d8700000, 0x0000000100000000)
  eden space 30208K, 54% used [0x00000000d5580000,0x00000000d6577118,0x00000000d7300000)
  from space 6144K, 95% used [0x00000000d7380000,0x00000000d79365d0,0x00000000d7980000)
  to   space 10240K, 0% used [0x00000000d7d00000,0x00000000d7d00000,0x00000000d8700000)
 ParOldGen       total 47616K, used 10526K [0x0000000080000000, 0x0000000082e80000, 0x00000000d5580000)
  object space 47616K, 22% used [0x0000000080000000,0x0000000080a479c0,0x0000000082e80000)
 Metaspace       used 31791K, capacity 32512K, committed 32816K, reserved 1077248K
  class space    used 4320K, capacity 4538K, committed 4656K, reserved 1048576K
GC Heap History (10 events):
Event: 28.842 GC heap before
{Heap before GC invocations=6 (full 0):
 PSYoungGen      total 37888K, used 34101K [0x00000000d5580000, 0x00000000d8980000, 0x0000000100000000)
  eden space 32768K, 88% used [0x00000000d5580000,0x00000000d71d5618,0x00000000d7580000)
  from space 5120K, 99% used [0x00000000d7600000,0x00000000d7af8020,0x00000000d7b00000)
  to   space 10240K, 0% used [0x00000000d7f80000,0x00000000d7f80000,0x00000000d8980000)
 ParOldGen       total 87552K, used 7581K [0x0000000080000000, 0x0000000085580000, 0x00000000d5580000)
  object space 87552K, 8% used [0x0000000080000000,0x00000000807676c8,0x0000000085580000)
 Metaspace       used 20565K, capacity 21228K, committed 21296K, reserved 1067008K
  class space    used 2876K, capacity 3084K, committed 3120K, reserved 1048576K
Event: 28.850 GC heap after
Heap after GC invocations=6 (full 0):
 PSYoungGen      total 41984K, used 8388K [0x00000000d5580000, 0x00000000d8b00000, 0x0000000100000000)
  eden space 31744K, 0% used [0x00000000d5580000,0x00000000d5580000,0x00000000d7480000)
  from space 10240K, 81% used [0x00000000d7f80000,0x00000000d87b1208,0x00000000d8980000)
  to   space 11264K, 0% used [0x00000000d7480000,0x00000000d7480000,0x00000000d7f80000)
 ParOldGen       total 87552K, used 7589K [0x0000000080000000, 0x0000000085580000, 0x00000000d5580000)
  object space 87552K, 8% used [0x0000000080000000,0x00000000807696c8,0x0000000085580000)
 Metaspace       used 20565K, capacity 21228K, committed 21296K, reserved 1067008K
  class space    used 2876K, capacity 3084K, committed 3120K, reserved 1048576K
}
Event: 28.850 GC heap before
{Heap before GC invocations=7 (full 1):
 PSYoungGen      total 41984K, used 8388K [0x00000000d5580000, 0x00000000d8b00000, 0x0000000100000000)
  eden space 31744K, 0% used [0x00000000d5580000,0x00000000d5580000,0x00000000d7480000)
  from space 10240K, 81% used [0x00000000d7f80000,0x00000000d87b1208,0x00000000d8980000)
  to   space 11264K, 0% used [0x00000000d7480000,0x00000000d7480000,0x00000000d7f80000)
 ParOldGen       total 87552K, used 7589K [0x0000000080000000, 0x0000000085580000, 0x00000000d5580000)
  object space 87552K, 8% used [0x0000000080000000,0x00000000807696c8,0x0000000085580000)
 Metaspace       used 20565K, capacity 21228K, committed 21296K, reserved 1067008K
  class space    used 2876K, capacity 3084K, committed 3120K, reserved 1048576K
Event: 28.896 GC heap after
Heap after GC invocations=7 (full 1):
 PSYoungGen      total 41984K, used 0K [0x00000000d5580000, 0x00000000d8b00000, 0x0000000100000000)
  eden space 31744K, 0% used [0x00000000d5580000,0x00000000d5580000,0x00000000d7480000)
  from space 10240K, 0% used [0x00000000d7f80000,0x00000000d7f80000,0x00000000d8980000)
  to   space 11264K, 0% used [0x00000000d7480000,0x00000000d7480000,0x00000000d7f80000)
 ParOldGen       total 47616K, used 10502K [0x0000000080000000, 0x0000000082e80000, 0x00000000d5580000)
  object space 47616K, 22% used [0x0000000080000000,0x0000000080a419c0,0x0000000082e80000)
 Metaspace       used 20565K, capacity 21228K, committed 21296K, reserved 1067008K
  class space    used 2876K, capacity 3084K, committed 3120K, reserved 1048576K
}
Event: 31.786 GC heap before
{Heap before GC invocations=8 (full 1):
 PSYoungGen      total 41984K, used 31744K [0x00000000d5580000, 0x00000000d8b00000, 0x0000000100000000)
  eden space 31744K, 100% used [0x00000000d5580000,0x00000000d7480000,0x00000000d7480000)
  from space 10240K, 0% used [0x00000000d7f80000,0x00000000d7f80000,0x00000000d8980000)
  to   space 11264K, 0% used [0x00000000d7480000,0x00000000d7480000,0x00000000d7f80000)
 ParOldGen       total 47616K, used 10502K [0x0000000080000000, 0x0000000082e80000, 0x00000000d5580000)
  object space 47616K, 22% used [0x0000000080000000,0x0000000080a419c0,0x0000000082e80000)
 Metaspace       used 22482K, capacity 23156K, committed 23472K, reserved 1069056K
  class space    used 3181K, capacity 3406K, committed 3504K, reserved 1048576K
Event: 31.788 GC heap after
Heap after GC invocations=8 (full 1):
 PSYoungGen      total 34304K, used 2801K [0x00000000d5580000, 0x00000000d8a00000, 0x0000000100000000)
  eden space 31232K, 0% used [0x00000000d5580000,0x00000000d5580000,0x00000000d7400000)
  from space 3072K, 91% used [0x00000000d7480000,0x00000000d773c548,0x00000000d7780000)
  to   space 11264K, 0% used [0x00000000d7f00000,0x00000000d7f00000,0x00000000d8a00000)
 ParOldGen       total 47616K, used 10510K [0x0000000080000000, 0x0000000082e80000, 0x00000000d5580000)
  object space 47616K, 22% used [0x0000000080000000,0x0000000080a439c0,0x0000000082e80000)
 Metaspace       used 22482K, capacity 23156K, committed 23472K, reserved 1069056K
  class space    used 3181K, capacity 3406K, committed 3504K, reserved 1048576K
}
Event: 34.609 GC heap before
{Heap before GC invocations=9 (full 1):
 PSYoungGen      total 34304K, used 34033K [0x00000000d5580000, 0x00000000d8a00000, 0x0000000100000000)
  eden space 31232K, 100% used [0x00000000d5580000,0x00000000d7400000,0x00000000d7400000)
  from space 3072K, 91% used [0x00000000d7480000,0x00000000d773c548,0x00000000d7780000)
  to   space 11264K, 0% used [0x00000000d7f00000,0x00000000d7f00000,0x00000000d8a00000)
 ParOldGen       total 47616K, used 10510K [0x0000000080000000, 0x0000000082e80000, 0x00000000d5580000)
  object space 47616K, 22% used [0x0000000080000000,0x0000000080a439c0,0x0000000082e80000)
 Metaspace       used 28237K, capacity 28916K, committed 29232K, reserved 1075200K
  class space    used 3895K, capacity 4127K, committed 4144K, reserved 1048576K
Event: 34.614 GC heap after
Heap after GC invocations=9 (full 1):
 PSYoungGen      total 40448K, used 6156K [0x00000000d5580000, 0x00000000d8880000, 0x0000000100000000)
  eden space 30720K, 0% used [0x00000000d5580000,0x00000000d5580000,0x00000000d7380000)
  from space 9728K, 63% used [0x00000000d7f00000,0x00000000d8503088,0x00000000d8880000)
  to   space 10752K, 0% used [0x00000000d7380000,0x00000000d7380000,0x00000000d7e00000)
 ParOldGen       total 47616K, used 10518K [0x0000000080000000, 0x0000000082e80000, 0x00000000d5580000)
  object space 47616K, 22% used [0x0000000080000000,0x0000000080a459c0,0x0000000082e80000)
 Metaspace       used 28237K, capacity 28916K, committed 29232K, reserved 1075200K
  class space    used 3895K, capacity 4127K, committed 4144K, reserved 1048576K
}
Event: 35.800 GC heap before
{Heap before GC invocations=10 (full 1):
 PSYoungGen      total 40448K, used 36876K [0x00000000d5580000, 0x00000000d8880000, 0x0000000100000000)
  eden space 30720K, 100% used [0x00000000d5580000,0x00000000d7380000,0x00000000d7380000)
  from space 9728K, 63% used [0x00000000d7f00000,0x00000000d8503088,0x00000000d8880000)
  to   space 10752K, 0% used [0x00000000d7380000,0x00000000d7380000,0x00000000d7e00000)
 ParOldGen       total 47616K, used 10518K [0x0000000080000000, 0x0000000082e80000, 0x00000000d5580000)
  object space 47616K, 22% used [0x0000000080000000,0x0000000080a459c0,0x0000000082e80000)
 Metaspace       used 30710K, capacity 31422K, committed 31536K, reserved 1077248K
  class space    used 4161K, capacity 4396K, committed 4400K, reserved 1048576K
Event: 35.811 GC heap after
Heap after GC invocations=10 (full 1):
 PSYoungGen      total 36352K, used 5849K [0x00000000d5580000, 0x00000000d8700000, 0x0000000100000000)
  eden space 30208K, 0% used [0x00000000d5580000,0x00000000d5580000,0x00000000d7300000)
  from space 6144K, 95% used [0x00000000d7380000,0x00000000d79365d0,0x00000000d7980000)
  to   space 10240K, 0% used [0x00000000d7d00000,0x00000000d7d00000,0x00000000d8700000)
 ParOldGen       total 47616K, used 10526K [0x0000000080000000, 0x0000000082e80000, 0x00000000d5580000)
  object space 47616K, 22% used [0x0000000080000000,0x0000000080a479c0,0x0000000082e80000)
 Metaspace       used 30710K, capacity 31422K, committed 31536K, reserved 1077248K
  class space    used 4161K, capacity 4396K, committed 4400K, reserved 1048576K
}

