# JRE version: OpenJDK Runtime Environment (8.0_242-b01) (build 1.8.0_242-release-1644-b01)
# Java VM: OpenJDK 64-Bit Server VM (25.242-b01 mixed mode windows-amd64 compressed oops)
Heap:
 PSYoungGen      total 198656K, used 91913K [0x00000000d5580000, 0x00000000e3100000, 0x0000000100000000)
  eden space 177664K, 41% used [0x00000000d5580000,0x00000000d9d5e938,0x00000000e0300000)
  from space 20992K, 87% used [0x00000000e1c80000,0x00000000e2e63b00,0x00000000e3100000)
  to   space 23552K, 0% used [0x00000000e0300000,0x00000000e0300000,0x00000000e1a00000)
 ParOldGen       total 147456K, used 34380K [0x0000000080000000, 0x0000000089000000, 0x00000000d5580000)
  object space 147456K, 23% used [0x0000000080000000,0x0000000082193288,0x0000000089000000)
 Metaspace       used 68536K, capacity 72132K, committed 72368K, reserved 1112064K
  class space    used 9409K, capacity 10130K, committed 10160K, reserved 1048576K
GC Heap History (10 events):
Event: 8.824 GC heap before
{Heap before GC invocations=13 (full 2):
 PSYoungGen      total 138240K, used 138063K [0x00000000d5580000, 0x00000000df180000, 0x0000000100000000)
  eden space 125952K, 100% used [0x00000000d5580000,0x00000000dd080000,0x00000000dd080000)
  from space 12288K, 98% used [0x00000000de580000,0x00000000df153f00,0x00000000df180000)
  to   space 13312K, 0% used [0x00000000dd780000,0x00000000dd780000,0x00000000de480000)
 ParOldGen       total 95232K, used 15263K [0x0000000080000000, 0x0000000085d00000, 0x00000000d5580000)
  object space 95232K, 16% used [0x0000000080000000,0x0000000080ee7f48,0x0000000085d00000)
 Metaspace       used 53122K, capacity 54940K, committed 55088K, reserved 1097728K
  class space    used 7222K, capacity 7669K, committed 7728K, reserved 1048576K
Event: 8.850 GC heap after
Heap after GC invocations=13 (full 2):
 PSYoungGen      total 146432K, used 13292K [0x00000000d5580000, 0x00000000e1280000, 0x0000000100000000)
  eden space 133120K, 0% used [0x00000000d5580000,0x00000000d5580000,0x00000000dd780000)
  from space 13312K, 99% used [0x00000000dd780000,0x00000000de47b310,0x00000000de480000)
  to   space 17920K, 0% used [0x00000000e0100000,0x00000000e0100000,0x00000000e1280000)
 ParOldGen       total 95232K, used 23396K [0x0000000080000000, 0x0000000085d00000, 0x00000000d5580000)
  object space 95232K, 24% used [0x0000000080000000,0x00000000816d9328,0x0000000085d00000)
 Metaspace       used 53122K, capacity 54940K, committed 55088K, reserved 1097728K
  class space    used 7222K, capacity 7669K, committed 7728K, reserved 1048576K
}
Event: 9.736 GC heap before
{Heap before GC invocations=14 (full 2):
 PSYoungGen      total 146432K, used 86900K [0x00000000d5580000, 0x00000000e1280000, 0x0000000100000000)
  eden space 133120K, 55% used [0x00000000d5580000,0x00000000d9d61e78,0x00000000dd780000)
  from space 13312K, 99% used [0x00000000dd780000,0x00000000de47b310,0x00000000de480000)
  to   space 17920K, 0% used [0x00000000e0100000,0x00000000e0100000,0x00000000e1280000)
 ParOldGen       total 95232K, used 23396K [0x0000000080000000, 0x0000000085d00000, 0x00000000d5580000)
  object space 95232K, 24% used [0x0000000080000000,0x00000000816d9328,0x0000000085d00000)
 Metaspace       used 57059K, capacity 59134K, committed 59160K, reserved 1099776K
  class space    used 7856K, capacity 8361K, committed 8368K, reserved 1048576K
Event: 9.756 GC heap after
Heap after GC invocations=14 (full 2):
 PSYoungGen      total 172032K, used 17892K [0x00000000d5580000, 0x00000000e2400000, 0x0000000100000000)
  eden space 154112K, 0% used [0x00000000d5580000,0x00000000d5580000,0x00000000dec00000)
  from space 17920K, 99% used [0x00000000e0100000,0x00000000e1279310,0x00000000e1280000)
  to   space 21504K, 0% used [0x00000000dec00000,0x00000000dec00000,0x00000000e0100000)
 ParOldGen       total 95232K, used 26052K [0x0000000080000000, 0x0000000085d00000, 0x00000000d5580000)
  object space 95232K, 27% used [0x0000000080000000,0x0000000081971358,0x0000000085d00000)
 Metaspace       used 57059K, capacity 59134K, committed 59160K, reserved 1099776K
  class space    used 7856K, capacity 8361K, committed 8368K, reserved 1048576K
}
Event: 9.756 GC heap before
{Heap before GC invocations=15 (full 3):
 PSYoungGen      total 172032K, used 17892K [0x00000000d5580000, 0x00000000e2400000, 0x0000000100000000)
  eden space 154112K, 0% used [0x00000000d5580000,0x00000000d5580000,0x00000000dec00000)
  from space 17920K, 99% used [0x00000000e0100000,0x00000000e1279310,0x00000000e1280000)
  to   space 21504K, 0% used [0x00000000dec00000,0x00000000dec00000,0x00000000e0100000)
 ParOldGen       total 95232K, used 26052K [0x0000000080000000, 0x0000000085d00000, 0x00000000d5580000)
  object space 95232K, 27% used [0x0000000080000000,0x0000000081971358,0x0000000085d00000)
 Metaspace       used 57059K, capacity 59134K, committed 59160K, reserved 1099776K
  class space    used 7856K, capacity 8361K, committed 8368K, reserved 1048576K
Event: 10.039 GC heap after
Heap after GC invocations=15 (full 3):
 PSYoungGen      total 172032K, used 0K [0x00000000d5580000, 0x00000000e2400000, 0x0000000100000000)
  eden space 154112K, 0% used [0x00000000d5580000,0x00000000d5580000,0x00000000dec00000)
  from space 17920K, 0% used [0x00000000e0100000,0x00000000e0100000,0x00000000e1280000)
  to   space 21504K, 0% used [0x00000000dec00000,0x00000000dec00000,0x00000000e0100000)
 ParOldGen       total 147456K, used 34364K [0x0000000080000000, 0x0000000089000000, 0x00000000d5580000)
  object space 147456K, 23% used [0x0000000080000000,0x000000008218f288,0x0000000089000000)
 Metaspace       used 57034K, capacity 59050K, committed 59160K, reserved 1099776K
  class space    used 7849K, capacity 8347K, committed 8368K, reserved 1048576K
}
Event: 11.639 GC heap before
{Heap before GC invocations=16 (full 3):
 PSYoungGen      total 172032K, used 154112K [0x00000000d5580000, 0x00000000e2400000, 0x0000000100000000)
  eden space 154112K, 100% used [0x00000000d5580000,0x00000000dec00000,0x00000000dec00000)
  from space 17920K, 0% used [0x00000000e0100000,0x00000000e0100000,0x00000000e1280000)
  to   space 21504K, 0% used [0x00000000dec00000,0x00000000dec00000,0x00000000e0100000)
 ParOldGen       total 147456K, used 34364K [0x0000000080000000, 0x0000000089000000, 0x00000000d5580000)
  object space 147456K, 23% used [0x0000000080000000,0x000000008218f288,0x0000000089000000)
 Metaspace       used 61895K, capacity 65048K, committed 65328K, reserved 1105920K
  class space    used 8592K, capacity 9198K, committed 9264K, reserved 1048576K
Event: 11.658 GC heap after
Heap after GC invocations=16 (full 3):
 PSYoungGen      total 175616K, used 14686K [0x00000000d5580000, 0x00000000e3200000, 0x0000000100000000)
  eden space 154112K, 0% used [0x00000000d5580000,0x00000000d5580000,0x00000000dec00000)
  from space 21504K, 68% used [0x00000000dec00000,0x00000000dfa57828,0x00000000e0100000)
  to   space 22016K, 0% used [0x00000000e1c80000,0x00000000e1c80000,0x00000000e3200000)
 ParOldGen       total 147456K, used 34372K [0x0000000080000000, 0x0000000089000000, 0x00000000d5580000)
  object space 147456K, 23% used [0x0000000080000000,0x0000000082191288,0x0000000089000000)
 Metaspace       used 61895K, capacity 65048K, committed 65328K, reserved 1105920K
  class space    used 8592K, capacity 9198K, committed 9264K, reserved 1048576K
}
Event: 16.584 GC heap before
{Heap before GC invocations=17 (full 3):
 PSYoungGen      total 175616K, used 168798K [0x00000000d5580000, 0x00000000e3200000, 0x0000000100000000)
  eden space 154112K, 100% used [0x00000000d5580000,0x00000000dec00000,0x00000000dec00000)
  from space 21504K, 68% used [0x00000000dec00000,0x00000000dfa57828,0x00000000e0100000)
  to   space 22016K, 0% used [0x00000000e1c80000,0x00000000e1c80000,0x00000000e3200000)
 ParOldGen       total 147456K, used 34372K [0x0000000080000000, 0x0000000089000000, 0x00000000d5580000)
  object space 147456K, 23% used [0x0000000080000000,0x0000000082191288,0x0000000089000000)
 Metaspace       used 65684K, capacity 69116K, committed 69424K, reserved 1110016K
  class space    used 9039K, capacity 9712K, committed 9776K, reserved 1048576K
Event: 16.599 GC heap after
Heap after GC invocations=17 (full 3):
 PSYoungGen      total 198656K, used 18318K [0x00000000d5580000, 0x00000000e3100000, 0x0000000100000000)
  eden space 177664K, 0% used [0x00000000d5580000,0x00000000d5580000,0x00000000e0300000)
  from space 20992K, 87% used [0x00000000e1c80000,0x00000000e2e63b00,0x00000000e3100000)
  to   space 23552K, 0% used [0x00000000e0300000,0x00000000e0300000,0x00000000e1a00000)
 ParOldGen       total 147456K, used 34380K [0x0000000080000000, 0x0000000089000000, 0x00000000d5580000)
  object space 147456K, 23% used [0x0000000080000000,0x0000000082193288,0x0000000089000000)
 Metaspace       used 65684K, capacity 69116K, committed 69424K, reserved 1110016K
  class space    used 9039K, capacity 9712K, committed 9776K, reserved 1048576K
}

