# JRE version: OpenJDK Runtime Environment (8.0_242-b01) (build 1.8.0_242-release-1644-b01)
# Java VM: OpenJDK 64-Bit Server VM (25.242-b01 mixed mode windows-amd64 compressed oops)
Heap:
 PSYoungGen      total 115200K, used 32157K [0x00000000d5580000, 0x00000000df700000, 0x0000000100000000)
  eden space 102912K, 31% used [0x00000000d5580000,0x00000000d74e75d8,0x00000000dba00000)
  from space 12288K, 0% used [0x00000000dba00000,0x00000000dba00000,0x00000000dc600000)
  to   space 12288K, 0% used [0x00000000deb00000,0x00000000deb00000,0x00000000df700000)
 ParOldGen       total 90624K, used 15283K [0x0000000080000000, 0x0000000085880000, 0x00000000d5580000)
  object space 90624K, 16% used [0x0000000080000000,0x0000000080eece40,0x0000000085880000)
 Metaspace       used 35559K, capacity 36676K, committed 37040K, reserved 1081344K
  class space    used 4887K, capacity 5171K, committed 5296K, reserved 1048576K
GC Heap History (10 events):
Event: 3.676 GC heap before
{Heap before GC invocations=7 (full 1):
 PSYoungGen      total 76800K, used 8414K [0x00000000d5580000, 0x00000000dac80000, 0x0000000100000000)
  eden space 66048K, 0% used [0x00000000d5580000,0x00000000d5580000,0x00000000d9600000)
  from space 10752K, 78% used [0x00000000da100000,0x00000000da937b88,0x00000000dab80000)
  to   space 11264K, 0% used [0x00000000d9600000,0x00000000d9600000,0x00000000da100000)
 ParOldGen       total 87552K, used 7642K [0x0000000080000000, 0x0000000085580000, 0x00000000d5580000)
  object space 87552K, 8% used [0x0000000080000000,0x0000000080776a48,0x0000000085580000)
 Metaspace       used 20658K, capacity 21228K, committed 21296K, reserved 1067008K
  class space    used 2893K, capacity 3084K, committed 3120K, reserved 1048576K
Event: 3.724 GC heap after
Heap after GC invocations=7 (full 1):
 PSYoungGen      total 76800K, used 0K [0x00000000d5580000, 0x00000000dac80000, 0x0000000100000000)
  eden space 66048K, 0% used [0x00000000d5580000,0x00000000d5580000,0x00000000d9600000)
  from space 10752K, 0% used [0x00000000da100000,0x00000000da100000,0x00000000dab80000)
  to   space 11264K, 0% used [0x00000000d9600000,0x00000000d9600000,0x00000000da100000)
 ParOldGen       total 60416K, used 9106K [0x0000000080000000, 0x0000000083b00000, 0x00000000d5580000)
  object space 60416K, 15% used [0x0000000080000000,0x00000000808e4af0,0x0000000083b00000)
 Metaspace       used 20658K, capacity 21228K, committed 21296K, reserved 1067008K
  class space    used 2893K, capacity 3084K, committed 3120K, reserved 1048576K
}
Event: 4.510 GC heap before
{Heap before GC invocations=8 (full 1):
 PSYoungGen      total 76800K, used 65797K [0x00000000d5580000, 0x00000000dac80000, 0x0000000100000000)
  eden space 66048K, 99% used [0x00000000d5580000,0x00000000d95c1548,0x00000000d9600000)
  from space 10752K, 0% used [0x00000000da100000,0x00000000da100000,0x00000000dab80000)
  to   space 11264K, 0% used [0x00000000d9600000,0x00000000d9600000,0x00000000da100000)
 ParOldGen       total 60416K, used 9106K [0x0000000080000000, 0x0000000083b00000, 0x00000000d5580000)
  object space 60416K, 15% used [0x0000000080000000,0x00000000808e4af0,0x0000000083b00000)
 Metaspace       used 28279K, capacity 28916K, committed 29232K, reserved 1075200K
  class space    used 3902K, capacity 4127K, committed 4144K, reserved 1048576K
Event: 4.522 GC heap after
Heap after GC invocations=8 (full 1):
 PSYoungGen      total 77312K, used 9147K [0x00000000d5580000, 0x00000000dd200000, 0x0000000100000000)
  eden space 66048K, 0% used [0x00000000d5580000,0x00000000d5580000,0x00000000d9600000)
  from space 11264K, 81% used [0x00000000d9600000,0x00000000d9eeec30,0x00000000da100000)
  to   space 11776K, 0% used [0x00000000dc680000,0x00000000dc680000,0x00000000dd200000)
 ParOldGen       total 60416K, used 9114K [0x0000000080000000, 0x0000000083b00000, 0x00000000d5580000)
  object space 60416K, 15% used [0x0000000080000000,0x00000000808e6af0,0x0000000083b00000)
 Metaspace       used 28279K, capacity 28916K, committed 29232K, reserved 1075200K
  class space    used 3902K, capacity 4127K, committed 4144K, reserved 1048576K
}
Event: 5.444 GC heap before
{Heap before GC invocations=9 (full 1):
 PSYoungGen      total 77312K, used 75195K [0x00000000d5580000, 0x00000000dd200000, 0x0000000100000000)
  eden space 66048K, 100% used [0x00000000d5580000,0x00000000d9600000,0x00000000d9600000)
  from space 11264K, 81% used [0x00000000d9600000,0x00000000d9eeec30,0x00000000da100000)
  to   space 11776K, 0% used [0x00000000dc680000,0x00000000dc680000,0x00000000dd200000)
 ParOldGen       total 60416K, used 9114K [0x0000000080000000, 0x0000000083b00000, 0x00000000d5580000)
  object space 60416K, 15% used [0x0000000080000000,0x00000000808e6af0,0x0000000083b00000)
 Metaspace       used 32569K, capacity 33312K, committed 33456K, reserved 1077248K
  class space    used 4455K, capacity 4673K, committed 4784K, reserved 1048576K
Event: 5.456 GC heap after
Heap after GC invocations=9 (full 1):
 PSYoungGen      total 114688K, used 8813K [0x00000000d5580000, 0x00000000dd200000, 0x0000000100000000)
  eden space 102912K, 0% used [0x00000000d5580000,0x00000000d5580000,0x00000000dba00000)
  from space 11776K, 74% used [0x00000000dc680000,0x00000000dcf1b580,0x00000000dd200000)
  to   space 12288K, 0% used [0x00000000dba00000,0x00000000dba00000,0x00000000dc600000)
 ParOldGen       total 60416K, used 9122K [0x0000000080000000, 0x0000000083b00000, 0x00000000d5580000)
  object space 60416K, 15% used [0x0000000080000000,0x00000000808e8af0,0x0000000083b00000)
 Metaspace       used 32569K, capacity 33312K, committed 33456K, reserved 1077248K
  class space    used 4455K, capacity 4673K, committed 4784K, reserved 1048576K
}
Event: 5.882 GC heap before
{Heap before GC invocations=10 (full 1):
 PSYoungGen      total 114688K, used 51690K [0x00000000d5580000, 0x00000000dd200000, 0x0000000100000000)
  eden space 102912K, 41% used [0x00000000d5580000,0x00000000d7f5f4e8,0x00000000dba00000)
  from space 11776K, 74% used [0x00000000dc680000,0x00000000dcf1b580,0x00000000dd200000)
  to   space 12288K, 0% used [0x00000000dba00000,0x00000000dba00000,0x00000000dc600000)
 ParOldGen       total 60416K, used 9122K [0x0000000080000000, 0x0000000083b00000, 0x00000000d5580000)
  object space 60416K, 15% used [0x0000000080000000,0x00000000808e8af0,0x0000000083b00000)
 Metaspace       used 34598K, capacity 35426K, committed 35496K, reserved 1079296K
  class space    used 4748K, capacity 5002K, committed 5040K, reserved 1048576K
Event: 5.896 GC heap after
Heap after GC invocations=10 (full 1):
 PSYoungGen      total 115200K, used 8491K [0x00000000d5580000, 0x00000000df700000, 0x0000000100000000)
  eden space 102912K, 0% used [0x00000000d5580000,0x00000000d5580000,0x00000000dba00000)
  from space 12288K, 69% used [0x00000000dba00000,0x00000000dc24ae00,0x00000000dc600000)
  to   space 12288K, 0% used [0x00000000deb00000,0x00000000deb00000,0x00000000df700000)
 ParOldGen       total 60416K, used 9130K [0x0000000080000000, 0x0000000083b00000, 0x00000000d5580000)
  object space 60416K, 15% used [0x0000000080000000,0x00000000808eaaf0,0x0000000083b00000)
 Metaspace       used 34598K, capacity 35426K, committed 35496K, reserved 1079296K
  class space    used 4748K, capacity 5002K, committed 5040K, reserved 1048576K
}
Event: 5.896 GC heap before
{Heap before GC invocations=11 (full 2):
 PSYoungGen      total 115200K, used 8491K [0x00000000d5580000, 0x00000000df700000, 0x0000000100000000)
  eden space 102912K, 0% used [0x00000000d5580000,0x00000000d5580000,0x00000000dba00000)
  from space 12288K, 69% used [0x00000000dba00000,0x00000000dc24ae00,0x00000000dc600000)
  to   space 12288K, 0% used [0x00000000deb00000,0x00000000deb00000,0x00000000df700000)
 ParOldGen       total 60416K, used 9130K [0x0000000080000000, 0x0000000083b00000, 0x00000000d5580000)
  object space 60416K, 15% used [0x0000000080000000,0x00000000808eaaf0,0x0000000083b00000)
 Metaspace       used 34598K, capacity 35426K, committed 35496K, reserved 1079296K
  class space    used 4748K, capacity 5002K, committed 5040K, reserved 1048576K
Event: 5.958 GC heap after
Heap after GC invocations=11 (full 2):
 PSYoungGen      total 115200K, used 0K [0x00000000d5580000, 0x00000000df700000, 0x0000000100000000)
  eden space 102912K, 0% used [0x00000000d5580000,0x00000000d5580000,0x00000000dba00000)
  from space 12288K, 0% used [0x00000000dba00000,0x00000000dba00000,0x00000000dc600000)
  to   space 12288K, 0% used [0x00000000deb00000,0x00000000deb00000,0x00000000df700000)
 ParOldGen       total 90624K, used 15283K [0x0000000080000000, 0x0000000085880000, 0x00000000d5580000)
  object space 90624K, 16% used [0x0000000080000000,0x0000000080eece40,0x0000000085880000)
 Metaspace       used 34598K, capacity 35426K, committed 35496K, reserved 1079296K
  class space    used 4748K, capacity 5002K, committed 5040K, reserved 1048576K
}

