# JRE version: OpenJDK Runtime Environment (8.0_242-b01) (build 1.8.0_242-release-1644-b01)
# Java VM: OpenJDK 64-Bit Server VM (25.242-b01 mixed mode windows-amd64 compressed oops)
Heap:
 PSYoungGen      total 154112K, used 93372K [0x00000000d5580000, 0x00000000e1280000, 0x0000000100000000)
  eden space 132608K, 60% used [0x00000000d5580000,0x00000000da361c68,0x00000000dd700000)
  from space 21504K, 63% used [0x00000000dd700000,0x00000000de44d500,0x00000000dec00000)
  to   space 21504K, 0% used [0x00000000dfd80000,0x00000000dfd80000,0x00000000e1280000)
 ParOldGen       total 157696K, used 35080K [0x0000000080000000, 0x0000000089a00000, 0x00000000d5580000)
  object space 157696K, 22% used [0x0000000080000000,0x0000000082242360,0x0000000089a00000)
 Metaspace       used 63722K, capacity 66789K, committed 67120K, reserved 1107968K
  class space    used 8810K, capacity 9415K, committed 9520K, reserved 1048576K
GC Heap History (10 events):
Event: 8.079 GC heap before
{Heap before GC invocations=12 (full 2):
 PSYoungGen      total 110080K, used 97792K [0x00000000d5580000, 0x00000000dea80000, 0x0000000100000000)
  eden space 97792K, 100% used [0x00000000d5580000,0x00000000db500000,0x00000000db500000)
  from space 12288K, 0% used [0x00000000db500000,0x00000000db500000,0x00000000dc100000)
  to   space 12288K, 0% used [0x00000000dde80000,0x00000000dde80000,0x00000000dea80000)
 ParOldGen       total 99328K, used 15191K [0x0000000080000000, 0x0000000086100000, 0x00000000d5580000)
  object space 99328K, 15% used [0x0000000080000000,0x0000000080ed5ea0,0x0000000086100000)
 Metaspace       used 43055K, capacity 44498K, committed 44592K, reserved 1087488K
  class space    used 5845K, capacity 6191K, committed 6192K, reserved 1048576K
Event: 8.090 GC heap after
Heap after GC invocations=12 (full 2):
 PSYoungGen      total 129024K, used 12111K [0x00000000d5580000, 0x00000000dea80000, 0x0000000100000000)
  eden space 116736K, 0% used [0x00000000d5580000,0x00000000d5580000,0x00000000dc780000)
  from space 12288K, 98% used [0x00000000dde80000,0x00000000dea53fb8,0x00000000dea80000)
  to   space 13312K, 0% used [0x00000000dd080000,0x00000000dd080000,0x00000000ddd80000)
 ParOldGen       total 99328K, used 15199K [0x0000000080000000, 0x0000000086100000, 0x00000000d5580000)
  object space 99328K, 15% used [0x0000000080000000,0x0000000080ed7ea0,0x0000000086100000)
 Metaspace       used 43055K, capacity 44498K, committed 44592K, reserved 1087488K
  class space    used 5845K, capacity 6191K, committed 6192K, reserved 1048576K
}
Event: 11.164 GC heap before
{Heap before GC invocations=13 (full 2):
 PSYoungGen      total 129024K, used 128847K [0x00000000d5580000, 0x00000000dea80000, 0x0000000100000000)
  eden space 116736K, 100% used [0x00000000d5580000,0x00000000dc780000,0x00000000dc780000)
  from space 12288K, 98% used [0x00000000dde80000,0x00000000dea53fb8,0x00000000dea80000)
  to   space 13312K, 0% used [0x00000000dd080000,0x00000000dd080000,0x00000000ddd80000)
 ParOldGen       total 99328K, used 15199K [0x0000000080000000, 0x0000000086100000, 0x00000000d5580000)
  object space 99328K, 15% used [0x0000000080000000,0x0000000080ed7ea0,0x0000000086100000)
 Metaspace       used 51958K, capacity 53792K, committed 54064K, reserved 1095680K
  class space    used 7014K, capacity 7453K, committed 7472K, reserved 1048576K
Event: 11.180 GC heap after
Heap after GC invocations=13 (full 2):
 PSYoungGen      total 139264K, used 13292K [0x00000000d5580000, 0x00000000dfd00000, 0x0000000100000000)
  eden space 125952K, 0% used [0x00000000d5580000,0x00000000d5580000,0x00000000dd080000)
  from space 13312K, 99% used [0x00000000dd080000,0x00000000ddd7b310,0x00000000ddd80000)
  to   space 17408K, 0% used [0x00000000dec00000,0x00000000dec00000,0x00000000dfd00000)
 ParOldGen       total 99328K, used 21771K [0x0000000080000000, 0x0000000086100000, 0x00000000d5580000)
  object space 99328K, 21% used [0x0000000080000000,0x0000000081542e98,0x0000000086100000)
 Metaspace       used 51958K, capacity 53792K, committed 54064K, reserved 1095680K
  class space    used 7014K, capacity 7453K, committed 7472K, reserved 1048576K
}
Event: 12.637 GC heap before
{Heap before GC invocations=14 (full 2):
 PSYoungGen      total 139264K, used 95732K [0x00000000d5580000, 0x00000000dfd00000, 0x0000000100000000)
  eden space 125952K, 65% used [0x00000000d5580000,0x00000000da6020a8,0x00000000dd080000)
  from space 13312K, 99% used [0x00000000dd080000,0x00000000ddd7b310,0x00000000ddd80000)
  to   space 17408K, 0% used [0x00000000dec00000,0x00000000dec00000,0x00000000dfd00000)
 ParOldGen       total 99328K, used 21771K [0x0000000080000000, 0x0000000086100000, 0x00000000d5580000)
  object space 99328K, 21% used [0x0000000080000000,0x0000000081542e98,0x0000000086100000)
 Metaspace       used 57063K, capacity 59133K, committed 59160K, reserved 1099776K
  class space    used 7868K, capacity 8368K, committed 8368K, reserved 1048576K
Event: 12.659 GC heap after
Heap after GC invocations=14 (full 2):
 PSYoungGen      total 150016K, used 17404K [0x00000000d5580000, 0x00000000e1000000, 0x0000000100000000)
  eden space 132608K, 0% used [0x00000000d5580000,0x00000000d5580000,0x00000000dd700000)
  from space 17408K, 99% used [0x00000000dec00000,0x00000000dfcff320,0x00000000dfd00000)
  to   space 21504K, 0% used [0x00000000dd700000,0x00000000dd700000,0x00000000dec00000)
 ParOldGen       total 99328K, used 26262K [0x0000000080000000, 0x0000000086100000, 0x00000000d5580000)
  object space 99328K, 26% used [0x0000000080000000,0x00000000819a58a0,0x0000000086100000)
 Metaspace       used 57063K, capacity 59133K, committed 59160K, reserved 1099776K
  class space    used 7868K, capacity 8368K, committed 8368K, reserved 1048576K
}
Event: 12.659 GC heap before
{Heap before GC invocations=15 (full 3):
 PSYoungGen      total 150016K, used 17404K [0x00000000d5580000, 0x00000000e1000000, 0x0000000100000000)
  eden space 132608K, 0% used [0x00000000d5580000,0x00000000d5580000,0x00000000dd700000)
  from space 17408K, 99% used [0x00000000dec00000,0x00000000dfcff320,0x00000000dfd00000)
  to   space 21504K, 0% used [0x00000000dd700000,0x00000000dd700000,0x00000000dec00000)
 ParOldGen       total 99328K, used 26262K [0x0000000080000000, 0x0000000086100000, 0x00000000d5580000)
  object space 99328K, 26% used [0x0000000080000000,0x00000000819a58a0,0x0000000086100000)
 Metaspace       used 57063K, capacity 59133K, committed 59160K, reserved 1099776K
  class space    used 7868K, capacity 8368K, committed 8368K, reserved 1048576K
Event: 12.983 GC heap after
Heap after GC invocations=15 (full 3):
 PSYoungGen      total 150016K, used 0K [0x00000000d5580000, 0x00000000e1000000, 0x0000000100000000)
  eden space 132608K, 0% used [0x00000000d5580000,0x00000000d5580000,0x00000000dd700000)
  from space 17408K, 0% used [0x00000000dec00000,0x00000000dec00000,0x00000000dfd00000)
  to   space 21504K, 0% used [0x00000000dd700000,0x00000000dd700000,0x00000000dec00000)
 ParOldGen       total 157696K, used 35072K [0x0000000080000000, 0x0000000089a00000, 0x00000000d5580000)
  object space 157696K, 22% used [0x0000000080000000,0x0000000082240360,0x0000000089a00000)
 Metaspace       used 57042K, capacity 59061K, committed 59160K, reserved 1099776K
  class space    used 7861K, capacity 8356K, committed 8368K, reserved 1048576K
}
Event: 18.858 GC heap before
{Heap before GC invocations=16 (full 3):
 PSYoungGen      total 150016K, used 132608K [0x00000000d5580000, 0x00000000e1000000, 0x0000000100000000)
  eden space 132608K, 100% used [0x00000000d5580000,0x00000000dd700000,0x00000000dd700000)
  from space 17408K, 0% used [0x00000000dec00000,0x00000000dec00000,0x00000000dfd00000)
  to   space 21504K, 0% used [0x00000000dd700000,0x00000000dd700000,0x00000000dec00000)
 ParOldGen       total 157696K, used 35072K [0x0000000080000000, 0x0000000089a00000, 0x00000000d5580000)
  object space 157696K, 22% used [0x0000000080000000,0x0000000082240360,0x0000000089a00000)
 Metaspace       used 61808K, capacity 64915K, committed 65072K, reserved 1105920K
  class space    used 8571K, capacity 9238K, committed 9264K, reserved 1048576K
Event: 18.869 GC heap after
Heap after GC invocations=16 (full 3):
 PSYoungGen      total 154112K, used 13621K [0x00000000d5580000, 0x00000000e1280000, 0x0000000100000000)
  eden space 132608K, 0% used [0x00000000d5580000,0x00000000d5580000,0x00000000dd700000)
  from space 21504K, 63% used [0x00000000dd700000,0x00000000de44d500,0x00000000dec00000)
  to   space 21504K, 0% used [0x00000000dfd80000,0x00000000dfd80000,0x00000000e1280000)
 ParOldGen       total 157696K, used 35080K [0x0000000080000000, 0x0000000089a00000, 0x00000000d5580000)
  object space 157696K, 22% used [0x0000000080000000,0x0000000082242360,0x0000000089a00000)
 Metaspace       used 61808K, capacity 64915K, committed 65072K, reserved 1105920K
  class space    used 8571K, capacity 9238K, committed 9264K, reserved 1048576K
}

